<?xml version="1.0" encoding="UTF-8"?>
<!-- Generated by org.testng.reporters.JUnitXMLReporter -->
<testsuite hostname="MacBook-Pro-Anton.local" ignored="0" name="Calculator Test" tests="11" failures="0" timestamp="15 січ. 2020 19:11:24 GMT" time="0.062" errors="0">
  <testcase name="testAddTwoValues" time="0.007" classname="com.lits.kaminskyi.calculator.CalculatorParametrizedTest"/>
  <testcase name="testAddTwoValues" time="0.008" classname="com.lits.kaminskyi.calculator.CalculatorParametrizedTest"/>
  <testcase name="testAddTwoValues" time="0.008" classname="com.lits.kaminskyi.calculator.CalculatorParametrizedTest"/>
  <testcase name="testAddTwoValues" time="0.009" classname="com.lits.kaminskyi.calculator.CalculatorParametrizedTest"/>
  <testcase name="testAddTwoValues" time="0.009" classname="com.lits.kaminskyi.calculator.CalculatorParametrizedTest"/>
  <testcase name="testAddTwoValues" time="0.009" classname="com.lits.kaminskyi.calculator.CalculatorParametrizedTest"/>
  <testcase name="testAdd" time="0.002" classname="com.lits.kaminskyi.calculator.CalculatorAddOperationTest"/>
  <testcase name="testDivide" time="0.001" classname="com.lits.kaminskyi.calculator.CalculatorAddOperationTest"/>
  <testcase name="testExpected" time="0.001" classname="com.lits.kaminskyi.calculator.CalculatorAddOperationTest"/>
  <testcase name="testMultiply" time="0.001" classname="com.lits.kaminskyi.calculator.CalculatorAddOperationTest"/>
  <testcase name="testSubtract" time="0.001" classname="com.lits.kaminskyi.calculator.CalculatorAddOperationTest"/>
</testsuite> <!-- Calculator Test -->
