<?xml version="1.0" encoding="UTF-8"?>
<testsuite xmlns:xsi="http://www.w3.org/2001/XMLSchema-instance" xsi:noNamespaceSchemaLocation="https://maven.apache.org/surefire/maven-surefire-plugin/xsd/surefire-test-report-3.0.xsd" version="3.0" name="TestSuite" time="0.591" tests="11" errors="0" skipped="0" failures="0">
  <properties>
[...]
</properties>
  <testcase name="testAddTwoValues" classname="com.lits.kaminskyi.calculator.CalculatorParametrizedTest" time="0.008"/>
  <testcase name="testAddTwoValues" classname="com.lits.kaminskyi.calculator.CalculatorParametrizedTest" time="0.01"/>
  <testcase name="testAddTwoValues" classname="com.lits.kaminskyi.calculator.CalculatorParametrizedTest" time="0.042"/>
  <testcase name="testAddTwoValues" classname="com.lits.kaminskyi.calculator.CalculatorParametrizedTest" time="0.042"/>
  <testcase name="testAddTwoValues" classname="com.lits.kaminskyi.calculator.CalculatorParametrizedTest" time="0.042"/>
  <testcase name="testAddTwoValues" classname="com.lits.kaminskyi.calculator.CalculatorParametrizedTest" time="0.043"/>
  <testcase name="testAdd" classname="com.lits.kaminskyi.calculator.CalculatorAddOperationTest" time="0"/>
  <testcase name="testDivide" classname="com.lits.kaminskyi.calculator.CalculatorAddOperationTest" time="0"/>
  <testcase name="testExpected" classname="com.lits.kaminskyi.calculator.CalculatorAddOperationTest" time="0"/>
  <testcase name="testMultiply" classname="com.lits.kaminskyi.calculator.CalculatorAddOperationTest" time="0.001"/>
  <testcase name="testSubtract" classname="com.lits.kaminskyi.calculator.CalculatorAddOperationTest" time="0"/>
</testsuite>